<?xml version="1.0" encoding="UTF-8"?>
<testsuite xmlns:xsi="http://www.w3.org/2001/XMLSchema-instance" xsi:noNamespaceSchemaLocation="https://maven.apache.org/surefire/maven-surefire-plugin/xsd/surefire-test-report-3.0.xsd" version="3.0" name="UserManagerTest$RepeatedTests" time="0.009" tests="26" errors="0" skipped="2" failures="0">
  <properties>
    <property name="gopherProxySet" value="false"/>
    <property name="awt.toolkit" value="sun.lwawt.macosx.LWCToolkit"/>
    <property name="java.specification.version" value="11"/>
    <property name="sun.cpu.isalist" value=""/>
    <property name="sun.jnu.encoding" value="UTF-8"/>
    <property name="java.class.path" value="/Users/seiloni/Desktop/CS341/JUnitDemo-2/target/test-classes:/Users/seiloni/Desktop/CS341/JUnitDemo-2/target/classes:/Users/seiloni/.m2/repository/org/junit/jupiter/junit-jupiter-params/5.8.0/junit-jupiter-params-5.8.0.jar:/Users/seiloni/.m2/repository/org/junit/jupiter/junit-jupiter-api/5.8.0/junit-jupiter-api-5.8.0.jar:/Users/seiloni/.m2/repository/org/opentest4j/opentest4j/1.2.0/opentest4j-1.2.0.jar:/Users/seiloni/.m2/repository/org/junit/platform/junit-platform-commons/1.8.0/junit-platform-commons-1.8.0.jar:/Users/seiloni/.m2/repository/org/apiguardian/apiguardian-api/1.1.2/apiguardian-api-1.1.2.jar:"/>
    <property name="java.vm.vendor" value="Microsoft"/>
    <property name="sun.arch.data.model" value="64"/>
    <property name="java.vendor.url" value="https://www.microsoft.com"/>
    <property name="user.timezone" value=""/>
    <property name="java.vm.specification.version" value="11"/>
    <property name="os.name" value="Mac OS X"/>
    <property name="user.country" value="US"/>
    <property name="sun.java.launcher" value="SUN_STANDARD"/>
    <property name="sun.boot.library.path" value="/Library/Java/JavaVirtualMachines/microsoft-11.jdk/Contents/Home/lib"/>
    <property name="sun.java.command" value="/Users/seiloni/Desktop/CS341/JUnitDemo-2/target/surefire/surefirebooter13743822672209974346.jar /Users/seiloni/Desktop/CS341/JUnitDemo-2/target/surefire 2025-09-02T08-11-13_081-jvmRun1 surefire13512567789647111988tmp surefire_05997980943013640602tmp"/>
    <property name="http.nonProxyHosts" value="local|*.local|169.254/16|*.169.254/16"/>
    <property name="jdk.debug" value="release"/>
    <property name="surefire.test.class.path" value="/Users/seiloni/Desktop/CS341/JUnitDemo-2/target/test-classes:/Users/seiloni/Desktop/CS341/JUnitDemo-2/target/classes:/Users/seiloni/.m2/repository/org/junit/jupiter/junit-jupiter-params/5.8.0/junit-jupiter-params-5.8.0.jar:/Users/seiloni/.m2/repository/org/junit/jupiter/junit-jupiter-api/5.8.0/junit-jupiter-api-5.8.0.jar:/Users/seiloni/.m2/repository/org/opentest4j/opentest4j/1.2.0/opentest4j-1.2.0.jar:/Users/seiloni/.m2/repository/org/junit/platform/junit-platform-commons/1.8.0/junit-platform-commons-1.8.0.jar:/Users/seiloni/.m2/repository/org/apiguardian/apiguardian-api/1.1.2/apiguardian-api-1.1.2.jar:"/>
    <property name="sun.cpu.endian" value="little"/>
    <property name="user.home" value="/Users/seiloni"/>
    <property name="user.language" value="en"/>
    <property name="java.specification.vendor" value="Oracle Corporation"/>
    <property name="java.version.date" value="2022-08-12"/>
    <property name="java.home" value="/Library/Java/JavaVirtualMachines/microsoft-11.jdk/Contents/Home"/>
    <property name="file.separator" value="/"/>
    <property name="style.color" value="always"/>
    <property name="basedir" value="/Users/seiloni/Desktop/CS341/JUnitDemo-2"/>
    <property name="java.vm.compressedOopsMode" value="Zero based"/>
    <property name="line.separator" value="&#10;"/>
    <property name="java.specification.name" value="Java Platform API Specification"/>
    <property name="java.vm.specification.vendor" value="Oracle Corporation"/>
    <property name="java.awt.graphicsenv" value="sun.awt.CGraphicsEnvironment"/>
    <property name="surefire.real.class.path" value="/Users/seiloni/Desktop/CS341/JUnitDemo-2/target/surefire/surefirebooter13743822672209974346.jar"/>
    <property name="sun.management.compiler" value="HotSpot 64-Bit Tiered Compilers"/>
    <property name="ftp.nonProxyHosts" value="local|*.local|169.254/16|*.169.254/16"/>
    <property name="java.runtime.version" value="11.0.16.1+1-LTS"/>
    <property name="user.name" value="seiloni"/>
    <property name="path.separator" value=":"/>
    <property name="os.version" value="15.4.1"/>
    <property name="java.runtime.name" value="OpenJDK Runtime Environment"/>
    <property name="file.encoding" value="UTF-8"/>
    <property name="java.vm.name" value="OpenJDK 64-Bit Server VM"/>
    <property name="java.vendor.version" value="Microsoft-40648"/>
    <property name="maven.ext.class.path" value="/Applications/IntelliJ IDEA.app/Contents/plugins/maven/lib/maven-event-listener.jar"/>
    <property name="localRepository" value="/Users/seiloni/.m2/repository"/>
    <property name="java.vendor.url.bug" value="https://github.com/microsoft/openjdk/issues"/>
    <property name="java.io.tmpdir" value="/var/folders/dw/fv_6k7bd7n9c9y_c6gmg00sm0000gn/T/"/>
    <property name="idea.version" value="2025.2"/>
    <property name="java.version" value="11.0.16.1"/>
    <property name="user.dir" value="/Users/seiloni/Desktop/CS341/JUnitDemo-2"/>
    <property name="os.arch" value="aarch64"/>
    <property name="jansi.passthrough" value="true"/>
    <property name="java.vm.specification.name" value="Java Virtual Machine Specification"/>
    <property name="java.awt.printerjob" value="sun.lwawt.macosx.CPrinterJob"/>
    <property name="sun.os.patch.level" value="unknown"/>
    <property name="java.library.path" value="/Users/seiloni/Library/Java/Extensions:/Library/Java/Extensions:/Network/Library/Java/Extensions:/System/Library/Java/Extensions:/usr/lib/java:."/>
    <property name="java.vm.info" value="mixed mode"/>
    <property name="java.vendor" value="Microsoft"/>
    <property name="java.vm.version" value="11.0.16.1+1-LTS"/>
    <property name="sun.io.unicode.encoding" value="UnicodeBig"/>
    <property name="java.class.version" value="55.0"/>
    <property name="socksNonProxyHosts" value="local|*.local|169.254/16|*.169.254/16"/>
  </properties>
  <testcase name="shouldThrowRunTimeExceptionWhenLastNameIsNull" classname="UserManagerTest" time="0.01">
    <system-out><![CDATA[I should be printed before all the tests commence!
I am Instantiating the User Test Scripts!
Just completed a test!
]]></system-out>
  </testcase>
  <testcase name="shouldCreateUserUsingValueSource(String)[1]" classname="UserManagerTest" time="0.01">
    <system-out><![CDATA[I am Instantiating the User Test Scripts!
Just completed a test!
]]></system-out>
  </testcase>
  <testcase name="shouldCreateUserUsingValueSource(String)[2]" classname="UserManagerTest" time="0.001">
    <system-out><![CDATA[I am Instantiating the User Test Scripts!
Just completed a test!
]]></system-out>
  </testcase>
  <testcase name="shouldCreateUserUsingValueSource(String)[3]" classname="UserManagerTest" time="0">
    <system-out><![CDATA[I am Instantiating the User Test Scripts!
Just completed a test!
]]></system-out>
  </testcase>
  <testcase name="shouldCreateUserUsingCSVSource(String)[1]" classname="UserManagerTest" time="0.001">
    <system-out><![CDATA[I am Instantiating the User Test Scripts!
Just completed a test!
]]></system-out>
  </testcase>
  <testcase name="shouldCreateUserUsingCSVSource(String)[2]" classname="UserManagerTest" time="0">
    <system-out><![CDATA[I am Instantiating the User Test Scripts!
Just completed a test!
]]></system-out>
  </testcase>
  <testcase name="shouldCreateUserUsingCSVSource(String)[3]" classname="UserManagerTest" time="0">
    <system-out><![CDATA[I am Instantiating the User Test Scripts!
Just completed a test!
]]></system-out>
  </testcase>
  <testcase name="shouldCreateUser" classname="UserManagerTest" time="0.001">
    <system-out><![CDATA[I am Instantiating the User Test Scripts!
Just completed a test!
]]></system-out>
  </testcase>
  <testcase name="shouldTestPhoneNumberFormat" classname="UserManagerTest" time="0">
    <system-out><![CDATA[I am Instantiating the User Test Scripts!
Just completed a test!
]]></system-out>
  </testcase>
  <testcase name="shouldCreateUserUsingCSVFileSource(String)[1]" classname="UserManagerTest" time="0.001">
    <system-out><![CDATA[I am Instantiating the User Test Scripts!
Just completed a test!
]]></system-out>
  </testcase>
  <testcase name="shouldCreateUserUsingCSVFileSource(String)[2]" classname="UserManagerTest" time="0.001">
    <system-out><![CDATA[I am Instantiating the User Test Scripts!
Just completed a test!
]]></system-out>
  </testcase>
  <testcase name="shouldCreateUserUsingCSVFileSource(String)[3]" classname="UserManagerTest" time="0.001">
    <system-out><![CDATA[I am Instantiating the User Test Scripts!
Just completed a test!
]]></system-out>
  </testcase>
  <testcase name="shouldTestOnlyInDevEnvironment" classname="UserManagerTest" time="0">
    <skipped type="org.opentest4j.TestAbortedException"><![CDATA[org.opentest4j.TestAbortedException: Assumption failed: assumption is not true
	at UserManagerTest.shouldTestOnlyInDevEnvironment(UserManagerTest.java:158)
]]></skipped>
    <system-out><![CDATA[I am Instantiating the User Test Scripts!
Just completed a test!
]]></system-out>
  </testcase>
  <testcase name="imNotWorking" classname="UserManagerTest" time="0">
    <skipped message="public void UserManagerTest.imNotWorking() is @Disabled"/>
  </testcase>
  <testcase name="shouldThrowRunTimeExceptionWhenFirstNameIsNull" classname="UserManagerTest" time="0">
    <system-out><![CDATA[I am Instantiating the User Test Scripts!
Just completed a test!
]]></system-out>
  </testcase>
  <testcase name="shouldThrowRuntimeExceptionWhenPhoneNumberNull" classname="UserManagerTest" time="0.001">
    <system-out><![CDATA[I am Instantiating the User Test Scripts!
Just completed a test!
]]></system-out>
  </testcase>
  <testcase name="shouldCreateUserMultipleTimes" classname="UserManagerTest$RepeatedTests" time="0">
    <system-out><![CDATA[I am Instantiating the User Test Scripts!
Just completed a test!
]]></system-out>
  </testcase>
  <testcase name="shouldCreateUserMultipleTimes" classname="UserManagerTest$RepeatedTests" time="0">
    <system-out><![CDATA[I am Instantiating the User Test Scripts!
Just completed a test!
]]></system-out>
  </testcase>
  <testcase name="shouldCreateUserMultipleTimes" classname="UserManagerTest$RepeatedTests" time="0.001">
    <system-out><![CDATA[I am Instantiating the User Test Scripts!
Just completed a test!
]]></system-out>
  </testcase>
  <testcase name="shouldCreateUserMultipleTimes" classname="UserManagerTest$RepeatedTests" time="0">
    <system-out><![CDATA[I am Instantiating the User Test Scripts!
Just completed a test!
]]></system-out>
  </testcase>
  <testcase name="shouldCreateUserMultipleTimes" classname="UserManagerTest$RepeatedTests" time="0">
    <system-out><![CDATA[I am Instantiating the User Test Scripts!
Just completed a test!
]]></system-out>
  </testcase>
  <testcase name="shouldCreateUserMultipleTimes" classname="UserManagerTest$RepeatedTests" time="0.001">
    <system-out><![CDATA[I am Instantiating the User Test Scripts!
Just completed a test!
]]></system-out>
  </testcase>
  <testcase name="shouldCreateUserMultipleTimes" classname="UserManagerTest$RepeatedTests" time="0">
    <system-out><![CDATA[I am Instantiating the User Test Scripts!
Just completed a test!
]]></system-out>
  </testcase>
  <testcase name="shouldCreateUserMultipleTimes" classname="UserManagerTest$RepeatedTests" time="0">
    <system-out><![CDATA[I am Instantiating the User Test Scripts!
Just completed a test!
]]></system-out>
  </testcase>
  <testcase name="shouldCreateUserMultipleTimes" classname="UserManagerTest$RepeatedTests" time="0.001">
    <system-out><![CDATA[I am Instantiating the User Test Scripts!
Just completed a test!
]]></system-out>
  </testcase>
  <testcase name="shouldCreateUserMultipleTimes" classname="UserManagerTest$RepeatedTests" time="0">
    <system-out><![CDATA[I am Instantiating the User Test Scripts!
Just completed a test!
]]></system-out>
  </testcase>
</testsuite>